[debug] [2025-11-01T22:51:38.204Z] ----------------------------------------------------------------------
[debug] [2025-11-01T22:51:38.207Z] Command:       C:\Program Files\nodejs\node.exe C:\Users\janne\AppData\Roaming\npm\node_modules\firebase-tools\lib\bin\firebase.js init
[debug] [2025-11-01T22:51:38.208Z] CLI Version:   14.22.0
[debug] [2025-11-01T22:51:38.209Z] Platform:      win32
[debug] [2025-11-01T22:51:38.209Z] Node Version:  v20.10.0
[debug] [2025-11-01T22:51:38.209Z] Time:          Sun Nov 02 2025 04:21:38 GMT+0530 (India Standard Time)
[debug] [2025-11-01T22:51:38.209Z] ----------------------------------------------------------------------
[debug] 
[info] 
     ######## #### ########  ######## ########     ###     ######  ########
     ##        ##  ##     ## ##       ##     ##  ##   ##  ##       ##
     ######    ##  ########  ######   ########  #########  ######  ######
     ##        ##  ##    ##  ##       ##     ## ##     ##       ## ##
     ##       #### ##     ## ######## ########  ##     ##  ######  ########

You're about to initialize a Firebase project in this directory:

  D:\Projects\Gen AI Exchange Hackathon\MedTestAI

[info] 
=== Account Setup
[info] 
[info] Which account do you want to use for this project? Choose an account or add a new one now
[info] 
[debug] [2025-11-01T22:52:11.584Z] setProjectAccount(D:\Projects\Gen AI Exchange Hackathon\MedTestAI, jannetfornewstuff@gmail.com)
[info] 
[info] +  Using account: jannetfornewstuff@gmail.com 
[info] 
=== Project Setup
[info] 
[info] First, let's associate this project directory with a Firebase project.
[info] You can create multiple project aliases by running firebase use --add, 
[info] 
[debug] [2025-11-01T22:52:14.239Z] > command requires scopes: ["email","openid","https://www.googleapis.com/auth/cloudplatformprojects.readonly","https://www.googleapis.com/auth/firebase","https://www.googleapis.com/auth/cloud-platform"]
[debug] [2025-11-01T22:52:14.239Z] > authorizing via signed-in user (jannetfornewstuff@gmail.com)
[debug] [2025-11-01T22:52:14.242Z] No OAuth tokens found
[debug] [2025-11-01T22:52:14.243Z] No OAuth tokens found
[debug] [2025-11-01T22:52:14.243Z] > refreshing access token with scopes: []
[debug] [2025-11-01T22:52:14.246Z] >>> [apiv2][query] POST https://www.googleapis.com/oauth2/v3/token [none]
[debug] [2025-11-01T22:52:14.246Z] >>> [apiv2][body] POST https://www.googleapis.com/oauth2/v3/token [omitted]
[debug] [2025-11-01T22:52:14.419Z] <<< [apiv2][status] POST https://www.googleapis.com/oauth2/v3/token 200
[debug] [2025-11-01T22:52:14.420Z] <<< [apiv2][body] POST https://www.googleapis.com/oauth2/v3/token [omitted]
[debug] [2025-11-01T22:52:14.447Z] >>> [apiv2][query] GET https://firebase.googleapis.com/v1beta1/projects pageSize=100
[debug] [2025-11-01T22:52:15.133Z] <<< [apiv2][status] GET https://firebase.googleapis.com/v1beta1/projects 200
[debug] [2025-11-01T22:52:15.133Z] <<< [apiv2][body] GET https://firebase.googleapis.com/v1beta1/projects [omitted]
[info] 
=== App Hosting Setup
[debug] [2025-11-01T22:52:17.698Z] Checked if tokens are valid: true, expires at: 1762041133420
[debug] [2025-11-01T22:52:17.698Z] Checked if tokens are valid: true, expires at: 1762041133420
[debug] [2025-11-01T22:52:17.698Z] >>> [apiv2][query] GET https://cloudbilling.googleapis.com/v1/projects/pro-variety-472211-b9/billingInfo [none]
[debug] [2025-11-01T22:52:19.093Z] <<< [apiv2][status] GET https://cloudbilling.googleapis.com/v1/projects/pro-variety-472211-b9/billingInfo 200
[debug] [2025-11-01T22:52:19.094Z] <<< [apiv2][body] GET https://cloudbilling.googleapis.com/v1/projects/pro-variety-472211-b9/billingInfo {"name":"projects/pro-variety-472211-b9/billingInfo","projectId":"pro-variety-472211-b9","billingAccountName":"billingAccounts/01E031-3B569C-DBBAF6","billingEnabled":true}
[debug] [2025-11-01T22:52:19.096Z] Checked if tokens are valid: true, expires at: 1762041133420
[debug] [2025-11-01T22:52:19.096Z] Checked if tokens are valid: true, expires at: 1762041133420
[debug] [2025-11-01T22:52:19.096Z] >>> [apiv2][query] GET https://serviceusage.googleapis.com/v1/projects/pro-variety-472211-b9/services/firebaseapphosting.googleapis.com [none]
[debug] [2025-11-01T22:52:19.096Z] >>> [apiv2][(partial)header] GET https://serviceusage.googleapis.com/v1/projects/pro-variety-472211-b9/services/firebaseapphosting.googleapis.com x-goog-quota-user=projects/pro-variety-472211-b9
[debug] [2025-11-01T22:52:21.045Z] <<< [apiv2][status] GET https://serviceusage.googleapis.com/v1/projects/pro-variety-472211-b9/services/firebaseapphosting.googleapis.com 200
[debug] [2025-11-01T22:52:21.046Z] <<< [apiv2][body] GET https://serviceusage.googleapis.com/v1/projects/pro-variety-472211-b9/services/firebaseapphosting.googleapis.com [omitted]
[debug] [2025-11-01T22:52:21.072Z] Checked if tokens are valid: true, expires at: 1762041133420
[debug] [2025-11-01T22:52:21.073Z] Checked if tokens are valid: true, expires at: 1762041133420
[debug] [2025-11-01T22:52:21.074Z] Checked if tokens are valid: true, expires at: 1762041133420
[debug] [2025-11-01T22:52:21.074Z] Checked if tokens are valid: true, expires at: 1762041133420
[debug] [2025-11-01T22:52:21.075Z] Checked if tokens are valid: true, expires at: 1762041133420
[debug] [2025-11-01T22:52:21.076Z] Checked if tokens are valid: true, expires at: 1762041133420
[debug] [2025-11-01T22:52:21.077Z] Checked if tokens are valid: true, expires at: 1762041133420
[debug] [2025-11-01T22:52:21.077Z] Checked if tokens are valid: true, expires at: 1762041133420
[debug] [2025-11-01T22:52:21.078Z] Checked if tokens are valid: true, expires at: 1762041133420
[debug] [2025-11-01T22:52:21.078Z] Checked if tokens are valid: true, expires at: 1762041133420
[debug] [2025-11-01T22:52:21.079Z] Checked if tokens are valid: true, expires at: 1762041133420
[debug] [2025-11-01T22:52:21.079Z] Checked if tokens are valid: true, expires at: 1762041133420
[debug] [2025-11-01T22:52:21.080Z] >>> [apiv2][query] GET https://serviceusage.googleapis.com/v1/projects/pro-variety-472211-b9/services/developerconnect.googleapis.com [none]
[debug] [2025-11-01T22:52:21.080Z] >>> [apiv2][(partial)header] GET https://serviceusage.googleapis.com/v1/projects/pro-variety-472211-b9/services/developerconnect.googleapis.com x-goog-quota-user=projects/pro-variety-472211-b9
[debug] [2025-11-01T22:52:21.081Z] >>> [apiv2][query] GET https://serviceusage.googleapis.com/v1/projects/pro-variety-472211-b9/services/cloudbuild.googleapis.com [none]
[debug] [2025-11-01T22:52:21.081Z] >>> [apiv2][(partial)header] GET https://serviceusage.googleapis.com/v1/projects/pro-variety-472211-b9/services/cloudbuild.googleapis.com x-goog-quota-user=projects/pro-variety-472211-b9
[debug] [2025-11-01T22:52:21.084Z] >>> [apiv2][query] GET https://serviceusage.googleapis.com/v1/projects/pro-variety-472211-b9/services/secretmanager.googleapis.com [none]
[debug] [2025-11-01T22:52:21.085Z] >>> [apiv2][(partial)header] GET https://serviceusage.googleapis.com/v1/projects/pro-variety-472211-b9/services/secretmanager.googleapis.com x-goog-quota-user=projects/pro-variety-472211-b9
[debug] [2025-11-01T22:52:21.088Z] >>> [apiv2][query] GET https://serviceusage.googleapis.com/v1/projects/pro-variety-472211-b9/services/run.googleapis.com [none]
[debug] [2025-11-01T22:52:21.088Z] >>> [apiv2][(partial)header] GET https://serviceusage.googleapis.com/v1/projects/pro-variety-472211-b9/services/run.googleapis.com x-goog-quota-user=projects/pro-variety-472211-b9
[debug] [2025-11-01T22:52:21.091Z] >>> [apiv2][query] GET https://serviceusage.googleapis.com/v1/projects/pro-variety-472211-b9/services/artifactregistry.googleapis.com [none]
[debug] [2025-11-01T22:52:21.091Z] >>> [apiv2][(partial)header] GET https://serviceusage.googleapis.com/v1/projects/pro-variety-472211-b9/services/artifactregistry.googleapis.com x-goog-quota-user=projects/pro-variety-472211-b9
[debug] [2025-11-01T22:52:21.095Z] >>> [apiv2][query] GET https://serviceusage.googleapis.com/v1/projects/pro-variety-472211-b9/services/iam.googleapis.com [none]
[debug] [2025-11-01T22:52:21.095Z] >>> [apiv2][(partial)header] GET https://serviceusage.googleapis.com/v1/projects/pro-variety-472211-b9/services/iam.googleapis.com x-goog-quota-user=projects/pro-variety-472211-b9
[debug] [2025-11-01T22:52:22.750Z] <<< [apiv2][status] GET https://serviceusage.googleapis.com/v1/projects/pro-variety-472211-b9/services/developerconnect.googleapis.com 200
[debug] [2025-11-01T22:52:22.750Z] <<< [apiv2][body] GET https://serviceusage.googleapis.com/v1/projects/pro-variety-472211-b9/services/developerconnect.googleapis.com [omitted]
[debug] [2025-11-01T22:52:22.781Z] <<< [apiv2][status] GET https://serviceusage.googleapis.com/v1/projects/pro-variety-472211-b9/services/secretmanager.googleapis.com 200
[debug] [2025-11-01T22:52:22.781Z] <<< [apiv2][body] GET https://serviceusage.googleapis.com/v1/projects/pro-variety-472211-b9/services/secretmanager.googleapis.com [omitted]
[debug] [2025-11-01T22:52:22.793Z] <<< [apiv2][status] GET https://serviceusage.googleapis.com/v1/projects/pro-variety-472211-b9/services/cloudbuild.googleapis.com 200
[debug] [2025-11-01T22:52:22.793Z] <<< [apiv2][body] GET https://serviceusage.googleapis.com/v1/projects/pro-variety-472211-b9/services/cloudbuild.googleapis.com [omitted]
[debug] [2025-11-01T22:52:22.800Z] <<< [apiv2][status] GET https://serviceusage.googleapis.com/v1/projects/pro-variety-472211-b9/services/artifactregistry.googleapis.com 200
[debug] [2025-11-01T22:52:22.800Z] <<< [apiv2][body] GET https://serviceusage.googleapis.com/v1/projects/pro-variety-472211-b9/services/artifactregistry.googleapis.com [omitted]
[debug] [2025-11-01T22:52:22.808Z] <<< [apiv2][status] GET https://serviceusage.googleapis.com/v1/projects/pro-variety-472211-b9/services/iam.googleapis.com 200
[debug] [2025-11-01T22:52:22.808Z] <<< [apiv2][body] GET https://serviceusage.googleapis.com/v1/projects/pro-variety-472211-b9/services/iam.googleapis.com [omitted]
[debug] [2025-11-01T22:52:22.815Z] <<< [apiv2][status] GET https://serviceusage.googleapis.com/v1/projects/pro-variety-472211-b9/services/run.googleapis.com 200
[debug] [2025-11-01T22:52:22.815Z] <<< [apiv2][body] GET https://serviceusage.googleapis.com/v1/projects/pro-variety-472211-b9/services/run.googleapis.com [omitted]
[debug] [2025-11-01T22:52:22.821Z] Checked if tokens are valid: true, expires at: 1762041133420
[debug] [2025-11-01T22:52:22.821Z] Checked if tokens are valid: true, expires at: 1762041133420
[debug] [2025-11-01T22:52:22.822Z] >>> [apiv2][query] POST https://iam.googleapis.com/v1/projects/pro-variety-472211-b9/serviceAccounts/firebase-app-hosting-compute@pro-variety-472211-b9.iam.gserviceaccount.com:testIamPermissions [none]
[debug] [2025-11-01T22:52:22.822Z] >>> [apiv2][(partial)header] POST https://iam.googleapis.com/v1/projects/pro-variety-472211-b9/serviceAccounts/firebase-app-hosting-compute@pro-variety-472211-b9.iam.gserviceaccount.com:testIamPermissions x-goog-quota-user=projects/pro-variety-472211-b9
[debug] [2025-11-01T22:52:22.822Z] >>> [apiv2][body] POST https://iam.googleapis.com/v1/projects/pro-variety-472211-b9/serviceAccounts/firebase-app-hosting-compute@pro-variety-472211-b9.iam.gserviceaccount.com:testIamPermissions {"permissions":["iam.serviceAccounts.actAs"]}
[debug] [2025-11-01T22:52:24.442Z] <<< [apiv2][status] POST https://iam.googleapis.com/v1/projects/pro-variety-472211-b9/serviceAccounts/firebase-app-hosting-compute@pro-variety-472211-b9.iam.gserviceaccount.com:testIamPermissions 404
[debug] [2025-11-01T22:52:24.442Z] <<< [apiv2][body] POST https://iam.googleapis.com/v1/projects/pro-variety-472211-b9/serviceAccounts/firebase-app-hosting-compute@pro-variety-472211-b9.iam.gserviceaccount.com:testIamPermissions {"error":{"code":404,"message":"Unknown service account","status":"NOT_FOUND"}}
[debug] [2025-11-01T22:52:24.443Z] Checked if tokens are valid: true, expires at: 1762041133420
[debug] [2025-11-01T22:52:24.443Z] Checked if tokens are valid: true, expires at: 1762041133420
[debug] [2025-11-01T22:52:24.444Z] >>> [apiv2][query] POST https://iam.googleapis.com/v1/projects/pro-variety-472211-b9/serviceAccounts [none]
[debug] [2025-11-01T22:52:24.444Z] >>> [apiv2][body] POST https://iam.googleapis.com/v1/projects/pro-variety-472211-b9/serviceAccounts {"accountId":"firebase-app-hosting-compute","serviceAccount":{"displayName":"Firebase App Hosting compute service account","description":"Default service account used to run builds and deploys for Firebase App Hosting"}}
[debug] [2025-11-01T22:52:25.259Z] <<< [apiv2][status] POST https://iam.googleapis.com/v1/projects/pro-variety-472211-b9/serviceAccounts 200
[debug] [2025-11-01T22:52:25.260Z] <<< [apiv2][body] POST https://iam.googleapis.com/v1/projects/pro-variety-472211-b9/serviceAccounts [omitted]
[debug] [2025-11-01T22:52:25.260Z] Checked if tokens are valid: true, expires at: 1762041133420
[debug] [2025-11-01T22:52:25.260Z] Checked if tokens are valid: true, expires at: 1762041133420
[debug] [2025-11-01T22:52:25.260Z] >>> [apiv2][query] POST https://cloudresourcemanager.googleapis.com/v1/projects/pro-variety-472211-b9:getIamPolicy [none]
[debug] [2025-11-01T22:52:26.794Z] <<< [apiv2][status] POST https://cloudresourcemanager.googleapis.com/v1/projects/pro-variety-472211-b9:getIamPolicy 200
[debug] [2025-11-01T22:52:26.794Z] <<< [apiv2][body] POST https://cloudresourcemanager.googleapis.com/v1/projects/pro-variety-472211-b9:getIamPolicy {"version":1,"etag":"BwZChbQJtLI=","bindings":[{"role":"roles/aiplatform.serviceAgent","members":["serviceAccount:service-1067292712875@gcp-sa-aiplatform.iam.gserviceaccount.com"]},{"role":"roles/aiplatform.telemetryServiceAgent","members":["serviceAccount:service-1067292712875@gcp-sa-vertex-telemetry.iam.gserviceaccount.com"]},{"role":"roles/aiplatform.user","members":["serviceAccount:medtestai-github-actions@pro-variety-472211-b9.iam.gserviceaccount.com","serviceAccount:medtestai-main@pro-variety-472211-b9.iam.gserviceaccount.com","serviceAccount:medtestai-service@pro-variety-472211-b9.iam.gserviceaccount.com"]},{"role":"roles/appengine.serviceAgent","members":["serviceAccount:service-1067292712875@gcp-gae-service.iam.gserviceaccount.com"]},{"role":"roles/artifactregistry.serviceAgent","members":["serviceAccount:service-1067292712875@gcp-sa-artifactregistry.iam.gserviceaccount.com"]},{"role":"roles/bigquery.dataEditor","members":["serviceAccount:service-1067292712875@gcp-sa-logging.iam.gserviceaccount.com"]},{"role":"roles/cloudaicompanion.serviceAgent","members":["serviceAccount:service-1067292712875@gcp-sa-cloudaicompanion.iam.gserviceaccount.com"]},{"role":"roles/cloudbuild.builds.builder","members":["serviceAccount:1067292712875@cloudbuild.gserviceaccount.com"]},{"role":"roles/cloudbuild.serviceAgent","members":["serviceAccount:service-1067292712875@gcp-sa-cloudbuild.iam.gserviceaccount.com"]},{"role":"roles/cloudfunctions.admin","members":["serviceAccount:firebase-adminsdk-fbsvc@pro-variety-472211-b9.iam.gserviceaccount.com"]},{"role":"roles/cloudsql.client","members":["serviceAccount:medtestai-db@pro-variety-472211-b9.iam.gserviceaccount.com"]},{"role":"roles/compute.serviceAgent","members":["serviceAccount:service-1067292712875@compute-system.iam.gserviceaccount.com"]},{"role":"roles/container.serviceAgent","members":["serviceAccount:service-1067292712875@container-engine-robot.iam.gserviceaccount.com"]},{"role":"roles/containerregistry.ServiceAgent","members":["serviceAccount:service-1067292712875@containerregistry.iam.gserviceaccount.com"]},{"role":"roles/documentai.apiUser","members":["serviceAccount:medtestai-main@pro-variety-472211-b9.iam.gserviceaccount.com","serviceAccount:medtestai-service@pro-variety-472211-b9.iam.gserviceaccount.com"]},{"role":"roles/documentaicore.serviceAgent","members":["serviceAccount:service-1067292712875@gcp-sa-prod-dai-core.iam.gserviceaccount.com"]},{"role":"roles/editor","members":["serviceAccount:1067292712875-compute@developer.gserviceaccount.com","serviceAccount:1067292712875@cloudservices.gserviceaccount.com","serviceAccount:medtestai-main@pro-variety-472211-b9.iam.gserviceaccount.com","serviceAccount:pro-variety-472211-b9@appspot.gserviceaccount.com"]},{"role":"roles/firebase.managementServiceAgent","members":["serviceAccount:service-1067292712875@gcp-sa-firebase.iam.gserviceaccount.com"]},{"role":"roles/firebase.sdkAdminServiceAgent","members":["serviceAccount:firebase-adminsdk-fbsvc@pro-variety-472211-b9.iam.gserviceaccount.com"]},{"role":"roles/firebaseauth.admin","members":["serviceAccount:firebase-adminsdk-fbsvc@pro-variety-472211-b9.iam.gserviceaccount.com"]},{"role":"roles/firebasestorage.serviceAgent","members":["serviceAccount:service-1067292712875@gcp-sa-firebasestorage.iam.gserviceaccount.com"]},{"role":"roles/firestore.serviceAgent","members":["serviceAccount:service-1067292712875@gcp-sa-firestore.iam.gserviceaccount.com"]},{"role":"roles/healthcare.datasetAdmin","members":["serviceAccount:medtestai-github-actions@pro-variety-472211-b9.iam.gserviceaccount.com","serviceAccount:medtestai-main@pro-variety-472211-b9.iam.gserviceaccount.com"]},{"role":"roles/healthcare.datasetViewer","members":["serviceAccount:medtestai-service@pro-variety-472211-b9.iam.gserviceaccount.com"]},{"role":"roles/healthcare.fhirResourceEditor","members":["serviceAccount:medtestai-github-actions@pro-variety-472211-b9.iam.gserviceaccount.com","serviceAccount:pro-variety-472211-b9@appspot.gserviceaccount.com"]},{"role":"roles/healthcare.serviceAgent","members":["serviceAccount:service-1067292712875@gcp-sa-healthcare.iam.gserviceaccount.com"]},{"role":"roles/iam.serviceAccountTokenCreator","members":["serviceAccount:firebase-adminsdk-fbsvc@pro-variety-472211-b9.iam.gserviceaccount.com"]},{"role":"roles/logging.serviceAgent","members":["serviceAccount:service-1067292712875@gcp-sa-logging.iam.gserviceaccount.com"]},{"role":"roles/owner","members":["user:jannetfornewstuff@gmail.com"]},{"role":"roles/run.serviceAgent","members":["serviceAccount:service-1067292712875@serverless-robot-prod.iam.gserviceaccount.com"]},{"role":"roles/secretmanager.secretAccessor","members":["serviceAccount:medtestai-github-actions@pro-variety-472211-b9.iam.gserviceaccount.com"]},{"role":"roles/serviceusage.serviceUsageConsumer","members":["user:jannetfornewstuff@gmail.com"]},{"role":"roles/storage.admin","members":["serviceAccount:firebase-adminsdk-fbsvc@pro-variety-472211-b9.iam.gserviceaccount.com","serviceAccount:medtestai-main@pro-variety-472211-b9.iam.gserviceaccount.com"]},{"role":"roles/storage.objectAdmin","members":["serviceAccount:medtestai-main@pro-variety-472211-b9.iam.gserviceaccount.com","serviceAccount:medtestai-service@pro-variety-472211-b9.iam.gserviceaccount.com"]},{"role":"roles/storage.objectViewer","members":["serviceAccount:service-1067292712875@gcp-sa-healthcare.iam.gserviceaccount.com"]}],"auditConfigs":[{"service":"documentai.googleapis.com","auditLogConfigs":[{"logType":"ADMIN_READ"},{"logType":"DATA_READ"},{"logType":"DATA_WRITE"}]}]}
[debug] [2025-11-01T22:52:26.795Z] Checked if tokens are valid: true, expires at: 1762041133420
[debug] [2025-11-01T22:52:26.795Z] Checked if tokens are valid: true, expires at: 1762041133420
[debug] [2025-11-01T22:52:26.795Z] >>> [apiv2][query] POST https://cloudresourcemanager.googleapis.com/v1/projects/pro-variety-472211-b9:setIamPolicy [none]
[debug] [2025-11-01T22:52:26.795Z] >>> [apiv2][body] POST https://cloudresourcemanager.googleapis.com/v1/projects/pro-variety-472211-b9:setIamPolicy {"policy":{"version":1,"etag":"BwZChbQJtLI=","bindings":[{"role":"roles/aiplatform.serviceAgent","members":["serviceAccount:service-1067292712875@gcp-sa-aiplatform.iam.gserviceaccount.com"]},{"role":"roles/aiplatform.telemetryServiceAgent","members":["serviceAccount:service-1067292712875@gcp-sa-vertex-telemetry.iam.gserviceaccount.com"]},{"role":"roles/aiplatform.user","members":["serviceAccount:medtestai-github-actions@pro-variety-472211-b9.iam.gserviceaccount.com","serviceAccount:medtestai-main@pro-variety-472211-b9.iam.gserviceaccount.com","serviceAccount:medtestai-service@pro-variety-472211-b9.iam.gserviceaccount.com"]},{"role":"roles/appengine.serviceAgent","members":["serviceAccount:service-1067292712875@gcp-gae-service.iam.gserviceaccount.com"]},{"role":"roles/artifactregistry.serviceAgent","members":["serviceAccount:service-1067292712875@gcp-sa-artifactregistry.iam.gserviceaccount.com"]},{"role":"roles/bigquery.dataEditor","members":["serviceAccount:service-1067292712875@gcp-sa-logging.iam.gserviceaccount.com"]},{"role":"roles/cloudaicompanion.serviceAgent","members":["serviceAccount:service-1067292712875@gcp-sa-cloudaicompanion.iam.gserviceaccount.com"]},{"role":"roles/cloudbuild.builds.builder","members":["serviceAccount:1067292712875@cloudbuild.gserviceaccount.com"]},{"role":"roles/cloudbuild.serviceAgent","members":["serviceAccount:service-1067292712875@gcp-sa-cloudbuild.iam.gserviceaccount.com"]},{"role":"roles/cloudfunctions.admin","members":["serviceAccount:firebase-adminsdk-fbsvc@pro-variety-472211-b9.iam.gserviceaccount.com"]},{"role":"roles/cloudsql.client","members":["serviceAccount:medtestai-db@pro-variety-472211-b9.iam.gserviceaccount.com"]},{"role":"roles/compute.serviceAgent","members":["serviceAccount:service-1067292712875@compute-system.iam.gserviceaccount.com"]},{"role":"roles/container.serviceAgent","members":["serviceAccount:service-1067292712875@container-engine-robot.iam.gserviceaccount.com"]},{"role":"roles/containerregistry.ServiceAgent","members":["serviceAccount:service-1067292712875@containerregistry.iam.gserviceaccount.com"]},{"role":"roles/documentai.apiUser","members":["serviceAccount:medtestai-main@pro-variety-472211-b9.iam.gserviceaccount.com","serviceAccount:medtestai-service@pro-variety-472211-b9.iam.gserviceaccount.com"]},{"role":"roles/documentaicore.serviceAgent","members":["serviceAccount:service-1067292712875@gcp-sa-prod-dai-core.iam.gserviceaccount.com"]},{"role":"roles/editor","members":["serviceAccount:1067292712875-compute@developer.gserviceaccount.com","serviceAccount:1067292712875@cloudservices.gserviceaccount.com","serviceAccount:medtestai-main@pro-variety-472211-b9.iam.gserviceaccount.com","serviceAccount:pro-variety-472211-b9@appspot.gserviceaccount.com"]},{"role":"roles/firebase.managementServiceAgent","members":["serviceAccount:service-1067292712875@gcp-sa-firebase.iam.gserviceaccount.com"]},{"role":"roles/firebase.sdkAdminServiceAgent","members":["serviceAccount:firebase-adminsdk-fbsvc@pro-variety-472211-b9.iam.gserviceaccount.com","serviceAccount:firebase-app-hosting-compute@pro-variety-472211-b9.iam.gserviceaccount.com"]},{"role":"roles/firebaseauth.admin","members":["serviceAccount:firebase-adminsdk-fbsvc@pro-variety-472211-b9.iam.gserviceaccount.com"]},{"role":"roles/firebasestorage.serviceAgent","members":["serviceAccount:service-1067292712875@gcp-sa-firebasestorage.iam.gserviceaccount.com"]},{"role":"roles/firestore.serviceAgent","members":["serviceAccount:service-1067292712875@gcp-sa-firestore.iam.gserviceaccount.com"]},{"role":"roles/healthcare.datasetAdmin","members":["serviceAccount:medtestai-github-actions@pro-variety-472211-b9.iam.gserviceaccount.com","serviceAccount:medtestai-main@pro-variety-472211-b9.iam.gserviceaccount.com"]},{"role":"roles/healthcare.datasetViewer","members":["serviceAccount:medtestai-service@pro-variety-472211-b9.iam.gserviceaccount.com"]},{"role":"roles/healthcare.fhirResourceEditor","members":["serviceAccount:medtestai-github-actions@pro-variety-472211-b9.iam.gserviceaccount.com","serviceAccount:pro-variety-472211-b9@appspot.gserviceaccount.com"]},{"role":"roles/healthcare.serviceAgent","members":["serviceAccount:service-1067292712875@gcp-sa-healthcare.iam.gserviceaccount.com"]},{"role":"roles/iam.serviceAccountTokenCreator","members":["serviceAccount:firebase-adminsdk-fbsvc@pro-variety-472211-b9.iam.gserviceaccount.com"]},{"role":"roles/logging.serviceAgent","members":["serviceAccount:service-1067292712875@gcp-sa-logging.iam.gserviceaccount.com"]},{"role":"roles/owner","members":["user:jannetfornewstuff@gmail.com"]},{"role":"roles/run.serviceAgent","members":["serviceAccount:service-1067292712875@serverless-robot-prod.iam.gserviceaccount.com"]},{"role":"roles/secretmanager.secretAccessor","members":["serviceAccount:medtestai-github-actions@pro-variety-472211-b9.iam.gserviceaccount.com"]},{"role":"roles/serviceusage.serviceUsageConsumer","members":["user:jannetfornewstuff@gmail.com"]},{"role":"roles/storage.admin","members":["serviceAccount:firebase-adminsdk-fbsvc@pro-variety-472211-b9.iam.gserviceaccount.com","serviceAccount:medtestai-main@pro-variety-472211-b9.iam.gserviceaccount.com"]},{"role":"roles/storage.objectAdmin","members":["serviceAccount:medtestai-main@pro-variety-472211-b9.iam.gserviceaccount.com","serviceAccount:medtestai-service@pro-variety-472211-b9.iam.gserviceaccount.com"]},{"role":"roles/storage.objectViewer","members":["serviceAccount:service-1067292712875@gcp-sa-healthcare.iam.gserviceaccount.com","serviceAccount:firebase-app-hosting-compute@pro-variety-472211-b9.iam.gserviceaccount.com"]},{"role":"roles/firebaseapphosting.computeRunner","members":["serviceAccount:firebase-app-hosting-compute@pro-variety-472211-b9.iam.gserviceaccount.com"]},{"role":"roles/developerconnect.readTokenAccessor","members":["serviceAccount:firebase-app-hosting-compute@pro-variety-472211-b9.iam.gserviceaccount.com"]}],"auditConfigs":[{"service":"documentai.googleapis.com","auditLogConfigs":[{"logType":"ADMIN_READ"},{"logType":"DATA_READ"},{"logType":"DATA_WRITE"}]}]},"updateMask":"bindings"}
[debug] [2025-11-01T22:52:27.875Z] <<< [apiv2][status] POST https://cloudresourcemanager.googleapis.com/v1/projects/pro-variety-472211-b9:setIamPolicy 200
[debug] [2025-11-01T22:52:27.876Z] <<< [apiv2][body] POST https://cloudresourcemanager.googleapis.com/v1/projects/pro-variety-472211-b9:setIamPolicy {"version":1,"etag":"BwZCkFX8Eos=","bindings":[{"role":"roles/aiplatform.serviceAgent","members":["serviceAccount:service-1067292712875@gcp-sa-aiplatform.iam.gserviceaccount.com"]},{"role":"roles/aiplatform.telemetryServiceAgent","members":["serviceAccount:service-1067292712875@gcp-sa-vertex-telemetry.iam.gserviceaccount.com"]},{"role":"roles/aiplatform.user","members":["serviceAccount:medtestai-github-actions@pro-variety-472211-b9.iam.gserviceaccount.com","serviceAccount:medtestai-main@pro-variety-472211-b9.iam.gserviceaccount.com","serviceAccount:medtestai-service@pro-variety-472211-b9.iam.gserviceaccount.com"]},{"role":"roles/appengine.serviceAgent","members":["serviceAccount:service-1067292712875@gcp-gae-service.iam.gserviceaccount.com"]},{"role":"roles/artifactregistry.serviceAgent","members":["serviceAccount:service-1067292712875@gcp-sa-artifactregistry.iam.gserviceaccount.com"]},{"role":"roles/bigquery.dataEditor","members":["serviceAccount:service-1067292712875@gcp-sa-logging.iam.gserviceaccount.com"]},{"role":"roles/cloudaicompanion.serviceAgent","members":["serviceAccount:service-1067292712875@gcp-sa-cloudaicompanion.iam.gserviceaccount.com"]},{"role":"roles/cloudbuild.builds.builder","members":["serviceAccount:1067292712875@cloudbuild.gserviceaccount.com"]},{"role":"roles/cloudbuild.serviceAgent","members":["serviceAccount:service-1067292712875@gcp-sa-cloudbuild.iam.gserviceaccount.com"]},{"role":"roles/cloudfunctions.admin","members":["serviceAccount:firebase-adminsdk-fbsvc@pro-variety-472211-b9.iam.gserviceaccount.com"]},{"role":"roles/cloudsql.client","members":["serviceAccount:medtestai-db@pro-variety-472211-b9.iam.gserviceaccount.com"]},{"role":"roles/compute.serviceAgent","members":["serviceAccount:service-1067292712875@compute-system.iam.gserviceaccount.com"]},{"role":"roles/container.serviceAgent","members":["serviceAccount:service-1067292712875@container-engine-robot.iam.gserviceaccount.com"]},{"role":"roles/containerregistry.ServiceAgent","members":["serviceAccount:service-1067292712875@containerregistry.iam.gserviceaccount.com"]},{"role":"roles/developerconnect.readTokenAccessor","members":["serviceAccount:firebase-app-hosting-compute@pro-variety-472211-b9.iam.gserviceaccount.com"]},{"role":"roles/documentai.apiUser","members":["serviceAccount:medtestai-main@pro-variety-472211-b9.iam.gserviceaccount.com","serviceAccount:medtestai-service@pro-variety-472211-b9.iam.gserviceaccount.com"]},{"role":"roles/documentaicore.serviceAgent","members":["serviceAccount:service-1067292712875@gcp-sa-prod-dai-core.iam.gserviceaccount.com"]},{"role":"roles/editor","members":["serviceAccount:1067292712875-compute@developer.gserviceaccount.com","serviceAccount:1067292712875@cloudservices.gserviceaccount.com","serviceAccount:medtestai-main@pro-variety-472211-b9.iam.gserviceaccount.com","serviceAccount:pro-variety-472211-b9@appspot.gserviceaccount.com"]},{"role":"roles/firebase.managementServiceAgent","members":["serviceAccount:service-1067292712875@gcp-sa-firebase.iam.gserviceaccount.com"]},{"role":"roles/firebase.sdkAdminServiceAgent","members":["serviceAccount:firebase-adminsdk-fbsvc@pro-variety-472211-b9.iam.gserviceaccount.com","serviceAccount:firebase-app-hosting-compute@pro-variety-472211-b9.iam.gserviceaccount.com"]},{"role":"roles/firebaseapphosting.computeRunner","members":["serviceAccount:firebase-app-hosting-compute@pro-variety-472211-b9.iam.gserviceaccount.com"]},{"role":"roles/firebaseauth.admin","members":["serviceAccount:firebase-adminsdk-fbsvc@pro-variety-472211-b9.iam.gserviceaccount.com"]},{"role":"roles/firebasestorage.serviceAgent","members":["serviceAccount:service-1067292712875@gcp-sa-firebasestorage.iam.gserviceaccount.com"]},{"role":"roles/firestore.serviceAgent","members":["serviceAccount:service-1067292712875@gcp-sa-firestore.iam.gserviceaccount.com"]},{"role":"roles/healthcare.datasetAdmin","members":["serviceAccount:medtestai-github-actions@pro-variety-472211-b9.iam.gserviceaccount.com","serviceAccount:medtestai-main@pro-variety-472211-b9.iam.gserviceaccount.com"]},{"role":"roles/healthcare.datasetViewer","members":["serviceAccount:medtestai-service@pro-variety-472211-b9.iam.gserviceaccount.com"]},{"role":"roles/healthcare.fhirResourceEditor","members":["serviceAccount:medtestai-github-actions@pro-variety-472211-b9.iam.gserviceaccount.com","serviceAccount:pro-variety-472211-b9@appspot.gserviceaccount.com"]},{"role":"roles/healthcare.serviceAgent","members":["serviceAccount:service-1067292712875@gcp-sa-healthcare.iam.gserviceaccount.com"]},{"role":"roles/iam.serviceAccountTokenCreator","members":["serviceAccount:firebase-adminsdk-fbsvc@pro-variety-472211-b9.iam.gserviceaccount.com"]},{"role":"roles/logging.serviceAgent","members":["serviceAccount:service-1067292712875@gcp-sa-logging.iam.gserviceaccount.com"]},{"role":"roles/owner","members":["user:jannetfornewstuff@gmail.com"]},{"role":"roles/run.serviceAgent","members":["serviceAccount:service-1067292712875@serverless-robot-prod.iam.gserviceaccount.com"]},{"role":"roles/secretmanager.secretAccessor","members":["serviceAccount:medtestai-github-actions@pro-variety-472211-b9.iam.gserviceaccount.com"]},{"role":"roles/serviceusage.serviceUsageConsumer","members":["user:jannetfornewstuff@gmail.com"]},{"role":"roles/storage.admin","members":["serviceAccount:firebase-adminsdk-fbsvc@pro-variety-472211-b9.iam.gserviceaccount.com","serviceAccount:medtestai-main@pro-variety-472211-b9.iam.gserviceaccount.com"]},{"role":"roles/storage.objectAdmin","members":["serviceAccount:medtestai-main@pro-variety-472211-b9.iam.gserviceaccount.com","serviceAccount:medtestai-service@pro-variety-472211-b9.iam.gserviceaccount.com"]},{"role":"roles/storage.objectViewer","members":["serviceAccount:firebase-app-hosting-compute@pro-variety-472211-b9.iam.gserviceaccount.com","serviceAccount:service-1067292712875@gcp-sa-healthcare.iam.gserviceaccount.com"]}],"auditConfigs":[{"service":"documentai.googleapis.com","auditLogConfigs":[{"logType":"ADMIN_READ"},{"logType":"DATA_READ"},{"logType":"DATA_WRITE"}]}]}
[info] i  This command links your local project to Firebase App Hosting. You will be able to deploy your web app with `firebase deploy` after setup. 
[debug] [2025-11-01T22:52:35.107Z] Checked if tokens are valid: true, expires at: 1762041133420
[debug] [2025-11-01T22:52:35.107Z] Checked if tokens are valid: true, expires at: 1762041133420
[debug] [2025-11-01T22:52:35.108Z] >>> [apiv2][query] GET https://firebaseapphosting.googleapis.com/v1beta/projects/pro-variety-472211-b9/locations/-/backends 
[debug] [2025-11-01T22:52:36.871Z] <<< [apiv2][status] GET https://firebaseapphosting.googleapis.com/v1beta/projects/pro-variety-472211-b9/locations/-/backends 200
[debug] [2025-11-01T22:52:36.871Z] <<< [apiv2][body] GET https://firebaseapphosting.googleapis.com/v1beta/projects/pro-variety-472211-b9/locations/-/backends {}
[debug] [2025-11-02T00:28:10.579Z] ExitPromptError: User force closed the prompt with SIGINT
    at Interface.sigint (C:\Users\janne\AppData\Roaming\npm\node_modules\firebase-tools\node_modules\@inquirer\core\dist\commonjs\lib\create-prompt.js:101:37)
    at Interface.emit (node:events:514:28)
    at Interface.emit (node:domain:488:12)
    at [_ttyWrite] [as _ttyWrite] (node:internal/readline/interface:1125:18)
    at ReadStream.onkeypress (node:internal/readline/interface:264:20)
    at ReadStream.emit (node:events:526:35)
    at ReadStream.emit (node:domain:488:12)
    at emitKeys (node:internal/readline/utils:371:14)
    at emitKeys.next (<anonymous>)
    at ReadStream.onData (node:internal/readline/emitKeypressEvents:64:36)
[error] 
[error] Error: An unexpected error has occurred.
